vcs -sverilog +acc +vpi \
		+incdir+/home/IC/uvm-1.2/src	\
		/home/IC/uvm-1.2/src/uvm_pkg.sv	\
		/home/IC/uvm-1.2/src/dpi/uvm_dpi.cc	\
		-CFLAGS -DVCS	\
		-timescale=1ns/1ps	\
		-f filelist
                         Chronologic VCS (TM)
            Version I-2014.03 -- Wed Aug 21 21:18:14 2019
               Copyright (c) 1991-2014 by Synopsys Inc.
                         ALL RIGHTS RESERVED

This program is proprietary and confidential information of Synopsys Inc.
and may be used and disclosed only as authorized in a license agreement
controlling such use and disclosure.


Warning-[ACC_CLI_ON] ACC/CLI capabilities enabled
  ACC/CLI capabilities have been enabled for the entire design. For faster 
  performance enable module specific capability in pli.tab file

The design hasn't changed and need not be recompiled. 
If you really want to, delete file simv.daidir/.vcs.timestamp and
run VCS again.

./simv +UVM_TESTNAME=case0
Chronologic VCS simulator copyright 1991-2014
Contains Synopsys proprietary information.
Compiler version I-2014.03; Runtime version I-2014.03;  Aug 21 21:18 2019
UVM_INFO /home/IC/uvm-1.2/src/base/uvm_root.svh(392) @ 0: reporter [UVM/RELNOTES] 
----------------------------------------------------------------
UVM-1.2
(C) 2007-2014 Mentor Graphics Corporation
(C) 2007-2014 Cadence Design Systems, Inc.
(C) 2006-2014 Synopsys, Inc.
(C) 2011-2013 Cypress Semiconductor Corp.
(C) 2013-2014 NVIDIA Corporation
----------------------------------------------------------------

  ***********       IMPORTANT RELEASE NOTES         ************

  You are using a version of the UVM library that has been compiled
  with `UVM_NO_DEPRECATED undefined.
  See http://www.eda.org/svdb/view.php?id=3313 for more details.

  You are using a version of the UVM library that has been compiled
  with `UVM_OBJECT_DO_NOT_NEED_CONSTRUCTOR undefined.
  See http://www.eda.org/svdb/view.php?id=3770 for more details.

      (Specify +UVM_NO_RELNOTES to turn off this notice)

UVM_INFO @ 0: reporter [RNTST] Running test case0...
UVM_INFO comp/driver.sv(21) @ 0: uvm_test_top.env0.drv [driver] run_phase
UVM_INFO /home/IC/uvm-1.2/src/base/uvm_report_server.svh(847) @ 0: reporter [UVM/REPORT/SERVER] 
--- UVM Report Summary ---

** Report counts by severity
UVM_INFO :    3
UVM_WARNING :    0
UVM_ERROR :    0
UVM_FATAL :    0
** Report counts by id
[RNTST]     1
[UVM/RELNOTES]     1
[driver]     1

$finish called from file "/home/IC/uvm-1.2/src/base/uvm_root.svh", line 517.
$finish at simulation time                    0
           V C S   S i m u l a t i o n   R e p o r t 
Time: 0 ps
CPU Time:      0.650 seconds;       Data structure size:   0.2Mb
Wed Aug 21 21:18:23 2019
