vcs -sverilog +acc +vpi \
		+incdir+/home/IC/uvm/uvm-1.1d/src	\
		/home/IC/uvm/uvm-1.1d/src/uvm_pkg.sv	\
		/home/IC/uvm/uvm-1.1d/src/dpi/uvm_dpi.cc	\
		-CFLAGS -DVCS	\
		-timescale=1ns/1ps	\
		-debug_all	\
		-f filelist
                         Chronologic VCS (TM)
            Version I-2014.03 -- Thu Aug 22 15:57:58 2019
               Copyright (c) 1991-2014 by Synopsys Inc.
                         ALL RIGHTS RESERVED

This program is proprietary and confidential information of Synopsys Inc.
and may be used and disclosed only as authorized in a license agreement
controlling such use and disclosure.

Parsing design file '/home/IC/uvm/uvm-1.1d/src/uvm_pkg.sv'
Parsing included file '/home/IC/uvm/uvm-1.1d/src/uvm_macros.svh'.
Parsing included file '/home/IC/uvm/uvm-1.1d/src/macros/uvm_version_defines.svh'.
Back to file '/home/IC/uvm/uvm-1.1d/src/uvm_macros.svh'.
Parsing included file '/home/IC/uvm/uvm-1.1d/src/macros/uvm_message_defines.svh'.
Back to file '/home/IC/uvm/uvm-1.1d/src/uvm_macros.svh'.
Parsing included file '/home/IC/uvm/uvm-1.1d/src/macros/uvm_phase_defines.svh'.
Back to file '/home/IC/uvm/uvm-1.1d/src/uvm_macros.svh'.
Parsing included file '/home/IC/uvm/uvm-1.1d/src/macros/uvm_object_defines.svh'.
Back to file '/home/IC/uvm/uvm-1.1d/src/uvm_macros.svh'.
Parsing included file '/home/IC/uvm/uvm-1.1d/src/macros/uvm_printer_defines.svh'.
Back to file '/home/IC/uvm/uvm-1.1d/src/uvm_macros.svh'.
Parsing included file '/home/IC/uvm/uvm-1.1d/src/macros/uvm_tlm_defines.svh'.
Parsing included file '/home/IC/uvm/uvm-1.1d/src/tlm1/uvm_tlm_imps.svh'.
Back to file '/home/IC/uvm/uvm-1.1d/src/macros/uvm_tlm_defines.svh'.
Back to file '/home/IC/uvm/uvm-1.1d/src/uvm_macros.svh'.
Parsing included file '/home/IC/uvm/uvm-1.1d/src/macros/uvm_sequence_defines.svh'.
Back to file '/home/IC/uvm/uvm-1.1d/src/uvm_macros.svh'.
Parsing included file '/home/IC/uvm/uvm-1.1d/src/macros/uvm_callback_defines.svh'.
Back to file '/home/IC/uvm/uvm-1.1d/src/uvm_macros.svh'.
Parsing included file '/home/IC/uvm/uvm-1.1d/src/macros/uvm_reg_defines.svh'.
Back to file '/home/IC/uvm/uvm-1.1d/src/uvm_macros.svh'.
Parsing included file '/home/IC/uvm/uvm-1.1d/src/macros/uvm_deprecated_defines.svh'.
Back to file '/home/IC/uvm/uvm-1.1d/src/uvm_macros.svh'.
Back to file '/home/IC/uvm/uvm-1.1d/src/uvm_pkg.sv'.
Parsing included file '/home/IC/uvm/uvm-1.1d/src/dpi/uvm_dpi.svh'.
Parsing included file '/home/IC/uvm/uvm-1.1d/src/dpi/uvm_hdl.svh'.
Back to file '/home/IC/uvm/uvm-1.1d/src/dpi/uvm_dpi.svh'.
Parsing included file '/home/IC/uvm/uvm-1.1d/src/dpi/uvm_svcmd_dpi.svh'.
Back to file '/home/IC/uvm/uvm-1.1d/src/dpi/uvm_dpi.svh'.
Parsing included file '/home/IC/uvm/uvm-1.1d/src/dpi/uvm_regex.svh'.
Back to file '/home/IC/uvm/uvm-1.1d/src/dpi/uvm_dpi.svh'.
Back to file '/home/IC/uvm/uvm-1.1d/src/uvm_pkg.sv'.
Parsing included file '/home/IC/uvm/uvm-1.1d/src/base/uvm_base.svh'.
Parsing included file '/home/IC/uvm/uvm-1.1d/src/base/uvm_version.svh'.
Back to file '/home/IC/uvm/uvm-1.1d/src/base/uvm_base.svh'.
Parsing included file '/home/IC/uvm/uvm-1.1d/src/base/uvm_object_globals.svh'.
Back to file '/home/IC/uvm/uvm-1.1d/src/base/uvm_base.svh'.
Parsing included file '/home/IC/uvm/uvm-1.1d/src/base/uvm_misc.svh'.
Back to file '/home/IC/uvm/uvm-1.1d/src/base/uvm_base.svh'.
Parsing included file '/home/IC/uvm/uvm-1.1d/src/base/uvm_object.svh'.
Back to file '/home/IC/uvm/uvm-1.1d/src/base/uvm_base.svh'.
Parsing included file '/home/IC/uvm/uvm-1.1d/src/base/uvm_pool.svh'.
Back to file '/home/IC/uvm/uvm-1.1d/src/base/uvm_base.svh'.
Parsing included file '/home/IC/uvm/uvm-1.1d/src/base/uvm_queue.svh'.
Back to file '/home/IC/uvm/uvm-1.1d/src/base/uvm_base.svh'.
Parsing included file '/home/IC/uvm/uvm-1.1d/src/base/uvm_factory.svh'.
Back to file '/home/IC/uvm/uvm-1.1d/src/base/uvm_base.svh'.
Parsing included file '/home/IC/uvm/uvm-1.1d/src/base/uvm_registry.svh'.
Back to file '/home/IC/uvm/uvm-1.1d/src/base/uvm_base.svh'.
Parsing included file '/home/IC/uvm/uvm-1.1d/src/base/uvm_spell_chkr.svh'.
Back to file '/home/IC/uvm/uvm-1.1d/src/base/uvm_base.svh'.
Parsing included file '/home/IC/uvm/uvm-1.1d/src/base/uvm_resource.svh'.
Back to file '/home/IC/uvm/uvm-1.1d/src/base/uvm_base.svh'.
Parsing included file '/home/IC/uvm/uvm-1.1d/src/deprecated/uvm_resource_converter.svh'.
Back to file '/home/IC/uvm/uvm-1.1d/src/base/uvm_base.svh'.
Parsing included file '/home/IC/uvm/uvm-1.1d/src/base/uvm_resource_specializations.svh'.
Back to file '/home/IC/uvm/uvm-1.1d/src/base/uvm_base.svh'.
Parsing included file '/home/IC/uvm/uvm-1.1d/src/base/uvm_resource_db.svh'.
Back to file '/home/IC/uvm/uvm-1.1d/src/base/uvm_base.svh'.
Parsing included file '/home/IC/uvm/uvm-1.1d/src/base/uvm_config_db.svh'.
Back to file '/home/IC/uvm/uvm-1.1d/src/base/uvm_base.svh'.
Parsing included file '/home/IC/uvm/uvm-1.1d/src/base/uvm_printer.svh'.
Back to file '/home/IC/uvm/uvm-1.1d/src/base/uvm_base.svh'.
Parsing included file '/home/IC/uvm/uvm-1.1d/src/base/uvm_comparer.svh'.
Back to file '/home/IC/uvm/uvm-1.1d/src/base/uvm_base.svh'.
Parsing included file '/home/IC/uvm/uvm-1.1d/src/base/uvm_packer.svh'.
Back to file '/home/IC/uvm/uvm-1.1d/src/base/uvm_base.svh'.
Parsing included file '/home/IC/uvm/uvm-1.1d/src/base/uvm_recorder.svh'.
Back to file '/home/IC/uvm/uvm-1.1d/src/base/uvm_base.svh'.
Parsing included file '/home/IC/uvm/uvm-1.1d/src/base/uvm_event_callback.svh'.
Back to file '/home/IC/uvm/uvm-1.1d/src/base/uvm_base.svh'.
Parsing included file '/home/IC/uvm/uvm-1.1d/src/base/uvm_event.svh'.
Back to file '/home/IC/uvm/uvm-1.1d/src/base/uvm_base.svh'.
Parsing included file '/home/IC/uvm/uvm-1.1d/src/base/uvm_barrier.svh'.
Back to file '/home/IC/uvm/uvm-1.1d/src/base/uvm_base.svh'.
Parsing included file '/home/IC/uvm/uvm-1.1d/src/base/uvm_callback.svh'.
Parsing included file '/home/IC/uvm/uvm-1.1d/src/uvm_macros.svh'.
Back to file '/home/IC/uvm/uvm-1.1d/src/base/uvm_callback.svh'.
Back to file '/home/IC/uvm/uvm-1.1d/src/base/uvm_base.svh'.
Parsing included file '/home/IC/uvm/uvm-1.1d/src/base/uvm_report_catcher.svh'.
Back to file '/home/IC/uvm/uvm-1.1d/src/base/uvm_base.svh'.
Parsing included file '/home/IC/uvm/uvm-1.1d/src/base/uvm_report_server.svh'.
Back to file '/home/IC/uvm/uvm-1.1d/src/base/uvm_base.svh'.
Parsing included file '/home/IC/uvm/uvm-1.1d/src/base/uvm_report_handler.svh'.
Back to file '/home/IC/uvm/uvm-1.1d/src/base/uvm_base.svh'.
Parsing included file '/home/IC/uvm/uvm-1.1d/src/base/uvm_report_object.svh'.
Back to file '/home/IC/uvm/uvm-1.1d/src/base/uvm_base.svh'.
Parsing included file '/home/IC/uvm/uvm-1.1d/src/base/uvm_transaction.svh'.
Back to file '/home/IC/uvm/uvm-1.1d/src/base/uvm_base.svh'.
Parsing included file '/home/IC/uvm/uvm-1.1d/src/base/uvm_phase.svh'.
Back to file '/home/IC/uvm/uvm-1.1d/src/base/uvm_base.svh'.
Parsing included file '/home/IC/uvm/uvm-1.1d/src/base/uvm_domain.svh'.
Back to file '/home/IC/uvm/uvm-1.1d/src/base/uvm_base.svh'.
Parsing included file '/home/IC/uvm/uvm-1.1d/src/base/uvm_bottomup_phase.svh'.
Back to file '/home/IC/uvm/uvm-1.1d/src/base/uvm_base.svh'.
Parsing included file '/home/IC/uvm/uvm-1.1d/src/base/uvm_topdown_phase.svh'.
Back to file '/home/IC/uvm/uvm-1.1d/src/base/uvm_base.svh'.
Parsing included file '/home/IC/uvm/uvm-1.1d/src/base/uvm_task_phase.svh'.
Back to file '/home/IC/uvm/uvm-1.1d/src/base/uvm_base.svh'.
Parsing included file '/home/IC/uvm/uvm-1.1d/src/base/uvm_common_phases.svh'.
Back to file '/home/IC/uvm/uvm-1.1d/src/base/uvm_base.svh'.
Parsing included file '/home/IC/uvm/uvm-1.1d/src/base/uvm_runtime_phases.svh'.
Back to file '/home/IC/uvm/uvm-1.1d/src/base/uvm_base.svh'.
Parsing included file '/home/IC/uvm/uvm-1.1d/src/base/uvm_component.svh'.
Parsing included file '/home/IC/uvm/uvm-1.1d/src/base/uvm_root.svh'.
Back to file '/home/IC/uvm/uvm-1.1d/src/base/uvm_component.svh'.
Back to file '/home/IC/uvm/uvm-1.1d/src/base/uvm_base.svh'.
Parsing included file '/home/IC/uvm/uvm-1.1d/src/base/uvm_objection.svh'.
Back to file '/home/IC/uvm/uvm-1.1d/src/base/uvm_base.svh'.
Parsing included file '/home/IC/uvm/uvm-1.1d/src/base/uvm_heartbeat.svh'.
Back to file '/home/IC/uvm/uvm-1.1d/src/base/uvm_base.svh'.
Parsing included file '/home/IC/uvm/uvm-1.1d/src/base/uvm_globals.svh'.
Back to file '/home/IC/uvm/uvm-1.1d/src/base/uvm_base.svh'.
Parsing included file '/home/IC/uvm/uvm-1.1d/src/base/uvm_cmdline_processor.svh'.
Back to file '/home/IC/uvm/uvm-1.1d/src/base/uvm_base.svh'.
Back to file '/home/IC/uvm/uvm-1.1d/src/uvm_pkg.sv'.
Parsing included file '/home/IC/uvm/uvm-1.1d/src/tlm1/uvm_tlm.svh'.
Parsing included file '/home/IC/uvm/uvm-1.1d/src/tlm1/uvm_tlm_ifs.svh'.
Back to file '/home/IC/uvm/uvm-1.1d/src/tlm1/uvm_tlm.svh'.
Parsing included file '/home/IC/uvm/uvm-1.1d/src/tlm1/uvm_sqr_ifs.svh'.
Back to file '/home/IC/uvm/uvm-1.1d/src/tlm1/uvm_tlm.svh'.
Parsing included file '/home/IC/uvm/uvm-1.1d/src/base/uvm_port_base.svh'.
Back to file '/home/IC/uvm/uvm-1.1d/src/tlm1/uvm_tlm.svh'.
Parsing included file '/home/IC/uvm/uvm-1.1d/src/tlm1/uvm_tlm_imps.svh'.
Back to file '/home/IC/uvm/uvm-1.1d/src/tlm1/uvm_tlm.svh'.
Parsing included file '/home/IC/uvm/uvm-1.1d/src/tlm1/uvm_imps.svh'.
Back to file '/home/IC/uvm/uvm-1.1d/src/tlm1/uvm_tlm.svh'.
Parsing included file '/home/IC/uvm/uvm-1.1d/src/tlm1/uvm_ports.svh'.
Back to file '/home/IC/uvm/uvm-1.1d/src/tlm1/uvm_tlm.svh'.
Parsing included file '/home/IC/uvm/uvm-1.1d/src/tlm1/uvm_exports.svh'.
Back to file '/home/IC/uvm/uvm-1.1d/src/tlm1/uvm_tlm.svh'.
Parsing included file '/home/IC/uvm/uvm-1.1d/src/tlm1/uvm_analysis_port.svh'.
Back to file '/home/IC/uvm/uvm-1.1d/src/tlm1/uvm_tlm.svh'.
Parsing included file '/home/IC/uvm/uvm-1.1d/src/tlm1/uvm_tlm_fifo_base.svh'.
Back to file '/home/IC/uvm/uvm-1.1d/src/tlm1/uvm_tlm.svh'.
Parsing included file '/home/IC/uvm/uvm-1.1d/src/tlm1/uvm_tlm_fifos.svh'.
Back to file '/home/IC/uvm/uvm-1.1d/src/tlm1/uvm_tlm.svh'.
Parsing included file '/home/IC/uvm/uvm-1.1d/src/tlm1/uvm_tlm_req_rsp.svh'.
Back to file '/home/IC/uvm/uvm-1.1d/src/tlm1/uvm_tlm.svh'.
Parsing included file '/home/IC/uvm/uvm-1.1d/src/tlm1/uvm_sqr_connections.svh'.
Back to file '/home/IC/uvm/uvm-1.1d/src/tlm1/uvm_tlm.svh'.
Back to file '/home/IC/uvm/uvm-1.1d/src/uvm_pkg.sv'.
Parsing included file '/home/IC/uvm/uvm-1.1d/src/comps/uvm_comps.svh'.
Parsing included file '/home/IC/uvm/uvm-1.1d/src/comps/uvm_pair.svh'.
Back to file '/home/IC/uvm/uvm-1.1d/src/comps/uvm_comps.svh'.
Parsing included file '/home/IC/uvm/uvm-1.1d/src/comps/uvm_policies.svh'.
Back to file '/home/IC/uvm/uvm-1.1d/src/comps/uvm_comps.svh'.
Parsing included file '/home/IC/uvm/uvm-1.1d/src/comps/uvm_in_order_comparator.svh'.
Back to file '/home/IC/uvm/uvm-1.1d/src/comps/uvm_comps.svh'.
Parsing included file '/home/IC/uvm/uvm-1.1d/src/comps/uvm_algorithmic_comparator.svh'.
Back to file '/home/IC/uvm/uvm-1.1d/src/comps/uvm_comps.svh'.
Parsing included file '/home/IC/uvm/uvm-1.1d/src/comps/uvm_random_stimulus.svh'.
Back to file '/home/IC/uvm/uvm-1.1d/src/comps/uvm_comps.svh'.
Parsing included file '/home/IC/uvm/uvm-1.1d/src/comps/uvm_subscriber.svh'.
Back to file '/home/IC/uvm/uvm-1.1d/src/comps/uvm_comps.svh'.
Parsing included file '/home/IC/uvm/uvm-1.1d/src/comps/uvm_monitor.svh'.
Back to file '/home/IC/uvm/uvm-1.1d/src/comps/uvm_comps.svh'.
Parsing included file '/home/IC/uvm/uvm-1.1d/src/comps/uvm_driver.svh'.
Back to file '/home/IC/uvm/uvm-1.1d/src/comps/uvm_comps.svh'.
Parsing included file '/home/IC/uvm/uvm-1.1d/src/comps/uvm_push_driver.svh'.
Back to file '/home/IC/uvm/uvm-1.1d/src/comps/uvm_comps.svh'.
Parsing included file '/home/IC/uvm/uvm-1.1d/src/comps/uvm_scoreboard.svh'.
Back to file '/home/IC/uvm/uvm-1.1d/src/comps/uvm_comps.svh'.
Parsing included file '/home/IC/uvm/uvm-1.1d/src/comps/uvm_agent.svh'.
Back to file '/home/IC/uvm/uvm-1.1d/src/comps/uvm_comps.svh'.
Parsing included file '/home/IC/uvm/uvm-1.1d/src/comps/uvm_env.svh'.
Back to file '/home/IC/uvm/uvm-1.1d/src/comps/uvm_comps.svh'.
Parsing included file '/home/IC/uvm/uvm-1.1d/src/comps/uvm_test.svh'.
Back to file '/home/IC/uvm/uvm-1.1d/src/comps/uvm_comps.svh'.
Back to file '/home/IC/uvm/uvm-1.1d/src/uvm_pkg.sv'.
Parsing included file '/home/IC/uvm/uvm-1.1d/src/seq/uvm_seq.svh'.
Parsing included file '/home/IC/uvm/uvm-1.1d/src/seq/uvm_sequence_item.svh'.
Back to file '/home/IC/uvm/uvm-1.1d/src/seq/uvm_seq.svh'.
Parsing included file '/home/IC/uvm/uvm-1.1d/src/seq/uvm_sequencer_base.svh'.
Back to file '/home/IC/uvm/uvm-1.1d/src/seq/uvm_seq.svh'.
Parsing included file '/home/IC/uvm/uvm-1.1d/src/seq/uvm_sequencer_analysis_fifo.svh'.
Back to file '/home/IC/uvm/uvm-1.1d/src/seq/uvm_seq.svh'.
Parsing included file '/home/IC/uvm/uvm-1.1d/src/seq/uvm_sequencer_param_base.svh'.
Back to file '/home/IC/uvm/uvm-1.1d/src/seq/uvm_seq.svh'.
Parsing included file '/home/IC/uvm/uvm-1.1d/src/seq/uvm_sequencer.svh'.
Back to file '/home/IC/uvm/uvm-1.1d/src/seq/uvm_seq.svh'.
Parsing included file '/home/IC/uvm/uvm-1.1d/src/seq/uvm_push_sequencer.svh'.
Back to file '/home/IC/uvm/uvm-1.1d/src/seq/uvm_seq.svh'.
Parsing included file '/home/IC/uvm/uvm-1.1d/src/seq/uvm_sequence_base.svh'.
Back to file '/home/IC/uvm/uvm-1.1d/src/seq/uvm_seq.svh'.
Parsing included file '/home/IC/uvm/uvm-1.1d/src/seq/uvm_sequence.svh'.
Back to file '/home/IC/uvm/uvm-1.1d/src/seq/uvm_seq.svh'.
Parsing included file '/home/IC/uvm/uvm-1.1d/src/seq/uvm_sequence_library.svh'.
Back to file '/home/IC/uvm/uvm-1.1d/src/seq/uvm_seq.svh'.
Parsing included file '/home/IC/uvm/uvm-1.1d/src/seq/uvm_sequence_builtin.svh'.
Back to file '/home/IC/uvm/uvm-1.1d/src/seq/uvm_seq.svh'.
Back to file '/home/IC/uvm/uvm-1.1d/src/uvm_pkg.sv'.
Parsing included file '/home/IC/uvm/uvm-1.1d/src/tlm2/uvm_tlm2.svh'.
Parsing included file '/home/IC/uvm/uvm-1.1d/src/tlm2/uvm_tlm2_defines.svh'.
Back to file '/home/IC/uvm/uvm-1.1d/src/tlm2/uvm_tlm2.svh'.
Parsing included file '/home/IC/uvm/uvm-1.1d/src/tlm2/uvm_tlm2_time.svh'.
Back to file '/home/IC/uvm/uvm-1.1d/src/tlm2/uvm_tlm2.svh'.
Parsing included file '/home/IC/uvm/uvm-1.1d/src/tlm2/uvm_tlm2_generic_payload.svh'.
Back to file '/home/IC/uvm/uvm-1.1d/src/tlm2/uvm_tlm2.svh'.
Parsing included file '/home/IC/uvm/uvm-1.1d/src/tlm2/uvm_tlm2_ifs.svh'.
Back to file '/home/IC/uvm/uvm-1.1d/src/tlm2/uvm_tlm2.svh'.
Parsing included file '/home/IC/uvm/uvm-1.1d/src/tlm2/uvm_tlm2_imps.svh'.
Back to file '/home/IC/uvm/uvm-1.1d/src/tlm2/uvm_tlm2.svh'.
Parsing included file '/home/IC/uvm/uvm-1.1d/src/tlm2/uvm_tlm2_ports.svh'.
Back to file '/home/IC/uvm/uvm-1.1d/src/tlm2/uvm_tlm2.svh'.
Parsing included file '/home/IC/uvm/uvm-1.1d/src/tlm2/uvm_tlm2_exports.svh'.
Back to file '/home/IC/uvm/uvm-1.1d/src/tlm2/uvm_tlm2.svh'.
Parsing included file '/home/IC/uvm/uvm-1.1d/src/tlm2/uvm_tlm2_sockets_base.svh'.
Back to file '/home/IC/uvm/uvm-1.1d/src/tlm2/uvm_tlm2.svh'.
Parsing included file '/home/IC/uvm/uvm-1.1d/src/tlm2/uvm_tlm2_sockets.svh'.
Back to file '/home/IC/uvm/uvm-1.1d/src/tlm2/uvm_tlm2.svh'.
Back to file '/home/IC/uvm/uvm-1.1d/src/uvm_pkg.sv'.
Parsing included file '/home/IC/uvm/uvm-1.1d/src/reg/uvm_reg_model.svh'.
Parsing included file '/home/IC/uvm/uvm-1.1d/src/reg/uvm_reg_item.svh'.
Back to file '/home/IC/uvm/uvm-1.1d/src/reg/uvm_reg_model.svh'.
Parsing included file '/home/IC/uvm/uvm-1.1d/src/reg/uvm_reg_adapter.svh'.
Back to file '/home/IC/uvm/uvm-1.1d/src/reg/uvm_reg_model.svh'.
Parsing included file '/home/IC/uvm/uvm-1.1d/src/reg/uvm_reg_predictor.svh'.
Back to file '/home/IC/uvm/uvm-1.1d/src/reg/uvm_reg_model.svh'.
Parsing included file '/home/IC/uvm/uvm-1.1d/src/reg/uvm_reg_sequence.svh'.
Back to file '/home/IC/uvm/uvm-1.1d/src/reg/uvm_reg_model.svh'.
Parsing included file '/home/IC/uvm/uvm-1.1d/src/reg/uvm_reg_cbs.svh'.
Back to file '/home/IC/uvm/uvm-1.1d/src/reg/uvm_reg_model.svh'.
Parsing included file '/home/IC/uvm/uvm-1.1d/src/reg/uvm_reg_backdoor.svh'.
Back to file '/home/IC/uvm/uvm-1.1d/src/reg/uvm_reg_model.svh'.
Parsing included file '/home/IC/uvm/uvm-1.1d/src/reg/uvm_reg_field.svh'.
Back to file '/home/IC/uvm/uvm-1.1d/src/reg/uvm_reg_model.svh'.
Parsing included file '/home/IC/uvm/uvm-1.1d/src/reg/uvm_vreg_field.svh'.
Back to file '/home/IC/uvm/uvm-1.1d/src/reg/uvm_reg_model.svh'.
Parsing included file '/home/IC/uvm/uvm-1.1d/src/reg/uvm_reg.svh'.
Back to file '/home/IC/uvm/uvm-1.1d/src/reg/uvm_reg_model.svh'.
Parsing included file '/home/IC/uvm/uvm-1.1d/src/reg/uvm_reg_indirect.svh'.
Back to file '/home/IC/uvm/uvm-1.1d/src/reg/uvm_reg_model.svh'.
Parsing included file '/home/IC/uvm/uvm-1.1d/src/reg/uvm_reg_fifo.svh'.
Back to file '/home/IC/uvm/uvm-1.1d/src/reg/uvm_reg_model.svh'.
Parsing included file '/home/IC/uvm/uvm-1.1d/src/reg/uvm_reg_file.svh'.
Back to file '/home/IC/uvm/uvm-1.1d/src/reg/uvm_reg_model.svh'.
Parsing included file '/home/IC/uvm/uvm-1.1d/src/reg/uvm_mem_mam.svh'.
Back to file '/home/IC/uvm/uvm-1.1d/src/reg/uvm_reg_model.svh'.
Parsing included file '/home/IC/uvm/uvm-1.1d/src/reg/uvm_vreg.svh'.
Back to file '/home/IC/uvm/uvm-1.1d/src/reg/uvm_reg_model.svh'.
Parsing included file '/home/IC/uvm/uvm-1.1d/src/reg/uvm_mem.svh'.
Back to file '/home/IC/uvm/uvm-1.1d/src/reg/uvm_reg_model.svh'.
Parsing included file '/home/IC/uvm/uvm-1.1d/src/reg/uvm_reg_map.svh'.
Back to file '/home/IC/uvm/uvm-1.1d/src/reg/uvm_reg_model.svh'.
Parsing included file '/home/IC/uvm/uvm-1.1d/src/reg/uvm_reg_block.svh'.
Back to file '/home/IC/uvm/uvm-1.1d/src/reg/uvm_reg_model.svh'.
Parsing included file '/home/IC/uvm/uvm-1.1d/src/reg/sequences/uvm_reg_hw_reset_seq.svh'.
Back to file '/home/IC/uvm/uvm-1.1d/src/reg/uvm_reg_model.svh'.
Parsing included file '/home/IC/uvm/uvm-1.1d/src/reg/sequences/uvm_reg_bit_bash_seq.svh'.
Back to file '/home/IC/uvm/uvm-1.1d/src/reg/uvm_reg_model.svh'.
Parsing included file '/home/IC/uvm/uvm-1.1d/src/reg/sequences/uvm_mem_walk_seq.svh'.
Back to file '/home/IC/uvm/uvm-1.1d/src/reg/uvm_reg_model.svh'.
Parsing included file '/home/IC/uvm/uvm-1.1d/src/reg/sequences/uvm_mem_access_seq.svh'.
Back to file '/home/IC/uvm/uvm-1.1d/src/reg/uvm_reg_model.svh'.
Parsing included file '/home/IC/uvm/uvm-1.1d/src/reg/sequences/uvm_reg_access_seq.svh'.
Back to file '/home/IC/uvm/uvm-1.1d/src/reg/uvm_reg_model.svh'.
Parsing included file '/home/IC/uvm/uvm-1.1d/src/reg/sequences/uvm_reg_mem_shared_access_seq.svh'.
Back to file '/home/IC/uvm/uvm-1.1d/src/reg/uvm_reg_model.svh'.
Parsing included file '/home/IC/uvm/uvm-1.1d/src/reg/sequences/uvm_reg_mem_built_in_seq.svh'.
Back to file '/home/IC/uvm/uvm-1.1d/src/reg/uvm_reg_model.svh'.
Parsing included file '/home/IC/uvm/uvm-1.1d/src/reg/sequences/uvm_reg_mem_hdl_paths_seq.svh'.
Back to file '/home/IC/uvm/uvm-1.1d/src/reg/uvm_reg_model.svh'.
Back to file '/home/IC/uvm/uvm-1.1d/src/uvm_pkg.sv'.
Parsing design file '/home/IC/Desktop/UVMPrimer/dut/single_alu.v'
Parsing design file '/home/IC/Desktop/UVMPrimer/dut/mul_alu.v'
Parsing design file '/home/IC/Desktop/UVMPrimer/dut/tinyalu.v'
Parsing design file 'tb_pkg.sv'
Parsing included file '/home/IC/uvm/uvm-1.1d/src/uvm_macros.svh'.
Back to file 'tb_pkg.sv'.
Parsing included file 'obj/result_transaction.sv'.
Back to file 'tb_pkg.sv'.
Parsing included file 'obj/transaction.sv'.
Back to file 'tb_pkg.sv'.
Parsing included file 'seq/sequence0.sv'.
Back to file 'tb_pkg.sv'.
Parsing included file 'comp/sequencer.sv'.
Back to file 'tb_pkg.sv'.
Parsing included file 'comp/driver.sv'.
Back to file 'tb_pkg.sv'.
Parsing included file 'comp/command_monitor.sv'.
Back to file 'tb_pkg.sv'.
Parsing included file 'comp/agent.sv'.
Back to file 'tb_pkg.sv'.
Parsing included file 'comp/model.sv'.
Back to file 'tb_pkg.sv'.
Parsing included file 'comp/env.sv'.
Back to file 'tb_pkg.sv'.
Parsing included file 'case/base_test.sv'.
Back to file 'tb_pkg.sv'.
Parsing included file 'case/cases.sv'.
Back to file 'tb_pkg.sv'.
Parsing design file 'alu_bfm.sv'
Parsing design file 'top.sv'
Parsing included file '/home/IC/uvm/uvm-1.1d/src/uvm_macros.svh'.
Back to file 'top.sv'.
Top Level Modules:
       top
TimeScale is 1 ns / 1 ps
Starting vcs inline pass...
7 modules and 0 UDP read.
recompiling package vcs_paramclassrepository
recompiling package uvm_pkg
recompiling module tinyalu
recompiling package tb_pkg
recompiling module alu_bfm
recompiling module top
All of 7 modules done
make[1]: Entering directory `/home/IC/Desktop/my_uvm/tb0/a.add_model/csrc'
rm -f _csrc*.so linux_scvhdl_*.so pre_vcsobj_*.so share_vcsobj_*.so
g++ -w  -pipe -m32 -fPIC -DVCS -O -I/opt/Synopsys/VCS2014/include    -c /home/IC/uvm/uvm-1.1d/src/dpi/uvm_dpi.cc
ld -m elf_i386 -shared -o .//../simv.daidir//_csrc1.so --whole-archive _vcsobj_1_1.a  --no-whole-archive
ld -m elf_i386 -shared -o .//../simv.daidir//_csrc0.so 5NrI_d.o 5NrIB_d.o SIM_l.o  
if [ -x ../simv ]; then chmod -x ../simv; fi
g++  -o ../simv  -m32 -m32   -Wl,-rpath-link=./ -Wl,-rpath='$ORIGIN'/simv.daidir/ -Wl,-rpath='$ORIGIN'/simv.daidir//scsim.db.dir  uvm_dpi.o  _csrc1.so _csrc0.so    rmapats_mop.o rmapats.o rmar.o           /opt/Synopsys/VCS2014/linux/lib/libzerosoft_rt_stubs.so /opt/Synopsys/VCS2014/linux/lib/libvirsim.so /opt/Synopsys/VCS2014/linux/lib/librterrorinf.so /opt/Synopsys/VCS2014/linux/lib/libsnpsmalloc.so    /opt/Synopsys/VCS2014/linux/lib/libvcsnew.so /opt/Synopsys/VCS2014/linux/lib/libuclinative.so   -Wl,-whole-archive /opt/Synopsys/VCS2014/linux/lib/libvcsucli.so -Wl,-no-whole-archive       ./../simv.daidir/vc_hdrs.o    /opt/Synopsys/VCS2014/linux/lib/vcs_save_restore_new.o /opt/Synopsys/VCS2014/linux/lib/ctype-stubs_32.a -ldl -lm  -lc -lpthread -ldl 
../simv up to date
make[1]: Leaving directory `/home/IC/Desktop/my_uvm/tb0/a.add_model/csrc'
CPU time: 6.914 seconds to compile + .707 seconds to elab + .314 seconds to link
./simv +UVM_TESTNAME=case0
Chronologic VCS simulator copyright 1991-2014
Contains Synopsys proprietary information.
Compiler version I-2014.03; Runtime version I-2014.03;  Aug 22 15:58 2019
----------------------------------------------------------------
UVM-1.1d
(C) 2007-2013 Mentor Graphics Corporation
(C) 2007-2013 Cadence Design Systems, Inc.
(C) 2006-2013 Synopsys, Inc.
(C) 2011-2013 Cypress Semiconductor Corp.
----------------------------------------------------------------

  ***********       IMPORTANT RELEASE NOTES         ************

  You are using a version of the UVM library that has been compiled
  with `UVM_NO_DEPRECATED undefined.
  See http://www.eda.org/svdb/view.php?id=3313 for more details.

  You are using a version of the UVM library that has been compiled
  with `UVM_OBJECT_MUST_HAVE_CONSTRUCTOR undefined.
  See http://www.eda.org/svdb/view.php?id=3770 for more details.

      (Specify +UVM_NO_RELNOTES to turn off this notice)

UVM_INFO @ 0: reporter [RNTST] Running test case0...
VCD+ Writer I-2014.03 Copyright (c) 1991-2014 by Synopsys Inc.


Error-[OUTMEM] The tool has just run out of memory:
Memory allocated = 3943 MB, Request size = 1048576 bytes.

Out Of Memory error detected.
Snapshot of /proc/48487/status:
VmSize:	 4187916 kB   # Virtual memory in use (data + stack + text + lib)
VmData:	 4119288 kB   # Data segment
VmStk:	      96 kB   # Stack segment
VmExe:	     592 kB   # Text segment
VmLib:	   62340 kB   # Shared library code
You may be able to increase memory limits using the limit command.

An unexpected termination has occurred in ./simv because the process ran out of memory


Command line: ./simv +UVM_TESTNAME=case0
Could not create child process /opt/Synopsys/VCS2014/amd64/bin/cbug-gdb-64/bin/gdb -n --batch -x /tmp/.stack_annotator_gdb_cmd_file_HMFjj4 ./simv 48487 < /dev/null &> /tmp/.stack_annotator_gdb_output_file_gPkIua
Could not create child process cp /proc/48487/maps /tmp/.stack_annotator_pmap_output_file_aYFeiZ

--- Stack trace follows:
No context available
